<?xml version="1.0" encoding="UTF-8"?>
<!-- Generated by org.testng.reporters.JUnitReportReporter -->
<testsuite hostname="Hemendra" failures="0" tests="3" name="cucumber.Options.TestngRunner" time="9.265" errors="0" timestamp="2023-04-30T22:59:10 IST" skipped="0">
  <testcase classname="cucumber.Options.TestngRunner" name="runScenario" time="1.188"/>
  <system-out/>
  <testcase classname="cucumber.Options.TestngRunner" name="runScenario" time="1.392"/>
  <system-out/>
  <testcase classname="cucumber.Options.TestngRunner" name="runScenario" time="6.685"/>
  <system-out/>
</testsuite> <!-- cucumber.Options.TestngRunner -->
