<?xml version="1.0" encoding="UTF-8"?>
<!-- Generated by org.testng.reporters.JUnitReportReporter -->
<testsuite hostname="Hemendra" failures="0" tests="3" name="cucumber.Options.Runner" time="9.077" errors="0" timestamp="2023-04-30T03:33:54 IST" skipped="0">
  <testcase classname="cucumber.Options.Runner" name="runScenario" time="1.334"/>
  <system-out/>
  <testcase classname="cucumber.Options.Runner" name="runScenario" time="1.339"/>
  <system-out/>
  <testcase classname="cucumber.Options.Runner" name="runScenario" time="6.404"/>
  <system-out/>
</testsuite> <!-- cucumber.Options.Runner -->
